{"D:\\study\\gh_actions_20260226\\src\\components\\counter\\Counter.tsx": {"path":"D:\\study\\gh_actions_20260226\\src\\components\\counter\\Counter.tsx","statementMap":{"0":{"start":{"line":3,"column":23},"end":{"line":11,"column":null}},"1":{"start":{"line":4,"column":24},"end":{"line":4,"column":null}},"2":{"start":{"line":6,"column":2},"end":{"line":9,"column":null}},"3":{"start":{"line":7,"column":27},"end":{"line":7,"column":59}},"4":{"start":{"line":7,"column":47},"end":{"line":7,"column":56}}},"fnMap":{"0":{"name":"(anonymous_0)","decl":{"start":{"line":3,"column":23},"end":{"line":3,"column":29}},"loc":{"start":{"line":3,"column":29},"end":{"line":11,"column":null}},"line":3},"1":{"name":"(anonymous_1)","decl":{"start":{"line":7,"column":21},"end":{"line":7,"column":27}},"loc":{"start":{"line":7,"column":27},"end":{"line":7,"column":59}},"line":7},"2":{"name":"(anonymous_2)","decl":{"start":{"line":7,"column":36},"end":{"line":7,"column":37}},"loc":{"start":{"line":7,"column":47},"end":{"line":7,"column":56}},"line":7}},"branchMap":{},"s":{"0":1,"1":1,"2":1,"3":0,"4":0},"f":{"0":1,"1":0,"2":0},"b":{},"meta":{"lastBranch":0,"lastFunction":3,"lastStatement":5,"seen":{"s:3:23:11:Infinity":0,"f:3:23:3:29":0,"s:4:24:4:Infinity":1,"s:6:2:9:Infinity":2,"f:7:21:7:27":1,"s:7:27:7:59":3,"f:7:36:7:37":2,"s:7:47:7:56":4}}}
}
